2022-09-28 20:43:12 | INFO
    [LinkedInAssignDueDateUpdate: 76] --- BEGIN LINKEDIN CERTIFICATIONS CREATION (2022-09-28) ---

2022-09-28 20:43:12 | INFO
    [LinkedInAssignDueDateUpdate: 80] Retrieving data from Hubspot...
2022-09-28 20:43:13 | DEBUG
    [LinkedInAssignDueDateUpdate.hubapi: 36] "METHOD": "POST", "STATUS_CODE": "200","URL": "https://api.hubapi.com/crm/v3/objects/2-8311962/search"
NoneType: None
2022-09-28 20:43:14 | INFO
    [LinkedInAssignDueDateUpdate: 82] ... Obtained 0 instances to create certifications for.

2022-09-28 20:43:14 | INFO
    [LinkedInAssignDueDateUpdate: 84] Creating Certifications and LinkedIn URL

2022-09-28 20:43:14 | INFO
    [LinkedInAssignDueDateUpdate:100] 
Urls for 0 instance(s) have been created.

2022-09-28 20:43:14 | INFO
    [LinkedInAssignDueDateUpdate.hubapi:153] 1 batch request to do.
2022-09-28 20:43:14 | INFO
    [LinkedInAssignDueDateUpdate.hubapi:156] Working on batch request 1/1...
2022-09-28 20:43:14 | DEBUG
    [LinkedInAssignDueDateUpdate.hubapi: 36] "METHOD": "POST", "STATUS_CODE": "200","URL": "https://api.hubapi.com/crm/v3/objects/2-8311962/batch/update"
NoneType: None
2022-09-28 20:43:15 | INFO
    [LinkedInAssignDueDateUpdate:108] 
--- END LINKEDIN CERTIFICATIONS CREATION ---

2022-09-28 20:43:15 | INFO
    [LinkedInAssignDueDateUpdate:111] 
--- BEGIN ASSIGNMENTMENT DUE DATE CALCULATION ---

2022-09-28 20:43:15 | DEBUG
    [LinkedInAssignDueDateUpdate.hubapi: 36] "METHOD": "GET", "STATUS_CODE": "200","URL": "https://api.hubapi.com/crm/v3/objects/2-8311962?properties=assignment_due_date&properties=live_session_datetime&limit=100"
NoneType: None
2022-09-28 20:43:15 | DEBUG
    [LinkedInAssignDueDateUpdate.hubapi: 36] "METHOD": "GET", "STATUS_CODE": "200","URL": "https://api.hubapi.com/crm/v3/objects/2-8311962?properties=assignment_due_date&properties=live_session_datetime&limit=100&after=2641119877"
NoneType: None
2022-09-28 20:43:15 | DEBUG
    [LinkedInAssignDueDateUpdate.hubapi: 36] "METHOD": "GET", "STATUS_CODE": "200","URL": "https://api.hubapi.com/crm/v3/objects/2-8311962?properties=assignment_due_date&properties=live_session_datetime&limit=100&after=2641120146"
NoneType: None
2022-09-28 20:43:15 | DEBUG
    [LinkedInAssignDueDateUpdate.hubapi: 36] "METHOD": "GET", "STATUS_CODE": "200","URL": "https://api.hubapi.com/crm/v3/objects/2-8311962?properties=assignment_due_date&properties=live_session_datetime&limit=100&after=2641120388"
NoneType: None
2022-09-28 20:43:15 | DEBUG
    [LinkedInAssignDueDateUpdate.hubapi: 36] "METHOD": "GET", "STATUS_CODE": "200","URL": "https://api.hubapi.com/crm/v3/objects/2-8311962?properties=assignment_due_date&properties=live_session_datetime&limit=100&after=2641167903"
NoneType: None
2022-09-28 20:43:16 | DEBUG
    [LinkedInAssignDueDateUpdate.hubapi: 36] "METHOD": "GET", "STATUS_CODE": "200","URL": "https://api.hubapi.com/crm/v3/objects/2-8311962?properties=assignment_due_date&properties=live_session_datetime&limit=100&after=2641168020"
NoneType: None
2022-09-28 20:43:16 | DEBUG
    [LinkedInAssignDueDateUpdate.hubapi: 36] "METHOD": "GET", "STATUS_CODE": "200","URL": "https://api.hubapi.com/crm/v3/objects/2-8311962?properties=assignment_due_date&properties=live_session_datetime&limit=100&after=2641168200"
NoneType: None
2022-09-28 20:43:16 | DEBUG
    [LinkedInAssignDueDateUpdate.hubapi: 36] "METHOD": "GET", "STATUS_CODE": "200","URL": "https://api.hubapi.com/crm/v3/objects/2-8311962?properties=assignment_due_date&properties=live_session_datetime&limit=100&after=2641168401"
NoneType: None
2022-09-28 20:43:16 | DEBUG
    [LinkedInAssignDueDateUpdate.hubapi: 36] "METHOD": "GET", "STATUS_CODE": "200","URL": "https://api.hubapi.com/crm/v3/objects/2-8311962?properties=assignment_due_date&properties=live_session_datetime&limit=100&after=2641168511"
NoneType: None
2022-09-28 20:43:16 | DEBUG
    [LinkedInAssignDueDateUpdate.hubapi: 36] "METHOD": "GET", "STATUS_CODE": "200","URL": "https://api.hubapi.com/crm/v3/objects/2-8311962?properties=assignment_due_date&properties=live_session_datetime&limit=100&after=2641168681"
NoneType: None
2022-09-28 20:43:16 | DEBUG
    [LinkedInAssignDueDateUpdate.hubapi: 36] "METHOD": "GET", "STATUS_CODE": "200","URL": "https://api.hubapi.com/crm/v3/objects/2-8311962?properties=assignment_due_date&properties=live_session_datetime&limit=100&after=2641168930"
NoneType: None
2022-09-28 20:43:17 | DEBUG
    [LinkedInAssignDueDateUpdate.hubapi: 36] "METHOD": "GET", "STATUS_CODE": "200","URL": "https://api.hubapi.com/crm/v3/objects/2-8311962?properties=assignment_due_date&properties=live_session_datetime&limit=100&after=2641169031"
NoneType: None
2022-09-28 20:43:17 | DEBUG
    [LinkedInAssignDueDateUpdate.hubapi: 36] "METHOD": "GET", "STATUS_CODE": "200","URL": "https://api.hubapi.com/crm/v3/objects/2-8311962?properties=assignment_due_date&properties=live_session_datetime&limit=100&after=2641169233"
NoneType: None
2022-09-28 20:43:17 | DEBUG
    [LinkedInAssignDueDateUpdate.hubapi: 36] "METHOD": "GET", "STATUS_CODE": "200","URL": "https://api.hubapi.com/crm/v3/objects/2-8311962?properties=assignment_due_date&properties=live_session_datetime&limit=100&after=2641169333"
NoneType: None
2022-09-28 20:43:17 | DEBUG
    [LinkedInAssignDueDateUpdate.hubapi: 36] "METHOD": "GET", "STATUS_CODE": "200","URL": "https://api.hubapi.com/crm/v3/objects/2-8311962?properties=assignment_due_date&properties=live_session_datetime&limit=100&after=2641190419"
NoneType: None
2022-09-28 20:43:17 | DEBUG
    [LinkedInAssignDueDateUpdate.hubapi: 36] "METHOD": "GET", "STATUS_CODE": "200","URL": "https://api.hubapi.com/crm/v3/objects/2-8311962?properties=assignment_due_date&properties=live_session_datetime&limit=100&after=2641190699"
NoneType: None
2022-09-28 20:43:17 | DEBUG
    [LinkedInAssignDueDateUpdate.hubapi: 36] "METHOD": "GET", "STATUS_CODE": "200","URL": "https://api.hubapi.com/crm/v3/objects/2-8311962?properties=assignment_due_date&properties=live_session_datetime&limit=100&after=2641190814"
NoneType: None
2022-09-28 20:43:18 | DEBUG
    [LinkedInAssignDueDateUpdate.hubapi: 36] "METHOD": "GET", "STATUS_CODE": "200","URL": "https://api.hubapi.com/crm/v3/objects/2-8311962?properties=assignment_due_date&properties=live_session_datetime&limit=100&after=2641191185"
NoneType: None
2022-09-28 20:43:18 | DEBUG
    [LinkedInAssignDueDateUpdate.hubapi: 36] "METHOD": "GET", "STATUS_CODE": "200","URL": "https://api.hubapi.com/crm/v3/objects/2-8311962?properties=assignment_due_date&properties=live_session_datetime&limit=100&after=2641191347"
NoneType: None
2022-09-28 20:43:18 | DEBUG
    [LinkedInAssignDueDateUpdate.hubapi: 36] "METHOD": "GET", "STATUS_CODE": "200","URL": "https://api.hubapi.com/crm/v3/objects/2-8311962?properties=assignment_due_date&properties=live_session_datetime&limit=100&after=2641191591"
NoneType: None
2022-09-28 20:43:18 | DEBUG
    [LinkedInAssignDueDateUpdate.hubapi: 36] "METHOD": "GET", "STATUS_CODE": "200","URL": "https://api.hubapi.com/crm/v3/objects/2-8311962?properties=assignment_due_date&properties=live_session_datetime&limit=100&after=2641191817"
NoneType: None
2022-09-28 20:43:18 | DEBUG
    [LinkedInAssignDueDateUpdate.hubapi: 36] "METHOD": "GET", "STATUS_CODE": "200","URL": "https://api.hubapi.com/crm/v3/objects/2-8311962?properties=assignment_due_date&properties=live_session_datetime&limit=100&after=2641212043"
NoneType: None
2022-09-28 20:43:18 | DEBUG
    [LinkedInAssignDueDateUpdate.hubapi: 36] "METHOD": "GET", "STATUS_CODE": "200","URL": "https://api.hubapi.com/crm/v3/objects/2-8311962?properties=assignment_due_date&properties=live_session_datetime&limit=100&after=2641212290"
NoneType: None
2022-09-28 20:43:18 | DEBUG
    [LinkedInAssignDueDateUpdate.hubapi: 36] "METHOD": "GET", "STATUS_CODE": "200","URL": "https://api.hubapi.com/crm/v3/objects/2-8311962?properties=assignment_due_date&properties=live_session_datetime&limit=100&after=2641212674"
NoneType: None
2022-09-28 20:43:18 | DEBUG
    [LinkedInAssignDueDateUpdate.hubapi: 36] "METHOD": "GET", "STATUS_CODE": "200","URL": "https://api.hubapi.com/crm/v3/objects/2-8311962?properties=assignment_due_date&properties=live_session_datetime&limit=100&after=2641212775"
NoneType: None
2022-09-28 20:43:19 | DEBUG
    [LinkedInAssignDueDateUpdate.hubapi: 36] "METHOD": "GET", "STATUS_CODE": "200","URL": "https://api.hubapi.com/crm/v3/objects/2-8311962?properties=assignment_due_date&properties=live_session_datetime&limit=100&after=2641212977"
NoneType: None
2022-09-28 20:43:19 | DEBUG
    [LinkedInAssignDueDateUpdate.hubapi: 36] "METHOD": "GET", "STATUS_CODE": "200","URL": "https://api.hubapi.com/crm/v3/objects/2-8311962?properties=assignment_due_date&properties=live_session_datetime&limit=100&after=2641213191"
NoneType: None
2022-09-28 20:43:19 | DEBUG
    [LinkedInAssignDueDateUpdate.hubapi: 36] "METHOD": "GET", "STATUS_CODE": "200","URL": "https://api.hubapi.com/crm/v3/objects/2-8311962?properties=assignment_due_date&properties=live_session_datetime&limit=100&after=2641234319"
NoneType: None
2022-09-28 20:43:19 | DEBUG
    [LinkedInAssignDueDateUpdate.hubapi: 36] "METHOD": "GET", "STATUS_CODE": "200","URL": "https://api.hubapi.com/crm/v3/objects/2-8311962?properties=assignment_due_date&properties=live_session_datetime&limit=100&after=2641234515"
NoneType: None
2022-09-28 20:43:19 | DEBUG
    [LinkedInAssignDueDateUpdate.hubapi: 36] "METHOD": "GET", "STATUS_CODE": "200","URL": "https://api.hubapi.com/crm/v3/objects/2-8311962?properties=assignment_due_date&properties=live_session_datetime&limit=100&after=2641234813"
NoneType: None
2022-09-28 20:43:19 | DEBUG
    [LinkedInAssignDueDateUpdate.hubapi: 36] "METHOD": "GET", "STATUS_CODE": "200","URL": "https://api.hubapi.com/crm/v3/objects/2-8311962?properties=assignment_due_date&properties=live_session_datetime&limit=100&after=2641235301"
NoneType: None
2022-09-28 20:43:19 | DEBUG
    [LinkedInAssignDueDateUpdate.hubapi: 36] "METHOD": "GET", "STATUS_CODE": "200","URL": "https://api.hubapi.com/crm/v3/objects/2-8311962?properties=assignment_due_date&properties=live_session_datetime&limit=100&after=2641235484"
NoneType: None
2022-09-28 20:43:20 | DEBUG
    [LinkedInAssignDueDateUpdate.hubapi: 36] "METHOD": "GET", "STATUS_CODE": "200","URL": "https://api.hubapi.com/crm/v3/objects/2-8311962?properties=assignment_due_date&properties=live_session_datetime&limit=100&after=2641260065"
NoneType: None
2022-09-28 20:43:20 | DEBUG
    [LinkedInAssignDueDateUpdate.hubapi: 36] "METHOD": "GET", "STATUS_CODE": "200","URL": "https://api.hubapi.com/crm/v3/objects/2-8311962?properties=assignment_due_date&properties=live_session_datetime&limit=100&after=2641260359"
NoneType: None
2022-09-28 20:43:20 | DEBUG
    [LinkedInAssignDueDateUpdate.hubapi: 36] "METHOD": "GET", "STATUS_CODE": "200","URL": "https://api.hubapi.com/crm/v3/objects/2-8311962?properties=assignment_due_date&properties=live_session_datetime&limit=100&after=2641260601"
NoneType: None
2022-09-28 20:43:20 | DEBUG
    [LinkedInAssignDueDateUpdate.hubapi: 36] "METHOD": "GET", "STATUS_CODE": "200","URL": "https://api.hubapi.com/crm/v3/objects/2-8311962?properties=assignment_due_date&properties=live_session_datetime&limit=100&after=2641281306"
NoneType: None
2022-09-28 20:43:20 | DEBUG
    [LinkedInAssignDueDateUpdate.hubapi: 36] "METHOD": "GET", "STATUS_CODE": "200","URL": "https://api.hubapi.com/crm/v3/objects/2-8311962?properties=assignment_due_date&properties=live_session_datetime&limit=100&after=2641281417"
NoneType: None
2022-09-28 20:43:20 | DEBUG
    [LinkedInAssignDueDateUpdate.hubapi: 36] "METHOD": "GET", "STATUS_CODE": "200","URL": "https://api.hubapi.com/crm/v3/objects/2-8311962?properties=assignment_due_date&properties=live_session_datetime&limit=100&after=2641281597"
NoneType: None
2022-09-28 20:43:20 | DEBUG
    [LinkedInAssignDueDateUpdate.hubapi: 36] "METHOD": "GET", "STATUS_CODE": "200","URL": "https://api.hubapi.com/crm/v3/objects/2-8311962?properties=assignment_due_date&properties=live_session_datetime&limit=100&after=2641281828"
NoneType: None
2022-09-28 20:43:20 | DEBUG
    [LinkedInAssignDueDateUpdate.hubapi: 36] "METHOD": "GET", "STATUS_CODE": "200","URL": "https://api.hubapi.com/crm/v3/objects/2-8311962?properties=assignment_due_date&properties=live_session_datetime&limit=100&after=2641282166"
NoneType: None
2022-09-28 20:43:20 | DEBUG
    [LinkedInAssignDueDateUpdate.hubapi: 36] "METHOD": "GET", "STATUS_CODE": "200","URL": "https://api.hubapi.com/crm/v3/objects/2-8311962?properties=assignment_due_date&properties=live_session_datetime&limit=100&after=2641282338"
NoneType: None
2022-09-28 20:43:21 | DEBUG
    [LinkedInAssignDueDateUpdate.hubapi: 36] "METHOD": "GET", "STATUS_CODE": "200","URL": "https://api.hubapi.com/crm/v3/objects/2-8311962?properties=assignment_due_date&properties=live_session_datetime&limit=100&after=2641282451"
NoneType: None
2022-09-28 20:43:21 | DEBUG
    [LinkedInAssignDueDateUpdate.hubapi: 36] "METHOD": "GET", "STATUS_CODE": "200","URL": "https://api.hubapi.com/crm/v3/objects/2-8311962?properties=assignment_due_date&properties=live_session_datetime&limit=100&after=2641282634"
NoneType: None
2022-09-28 20:43:21 | DEBUG
    [LinkedInAssignDueDateUpdate.hubapi: 36] "METHOD": "GET", "STATUS_CODE": "200","URL": "https://api.hubapi.com/crm/v3/objects/2-8311962?properties=assignment_due_date&properties=live_session_datetime&limit=100&after=2641316432"
NoneType: None
2022-09-28 20:43:21 | DEBUG
    [LinkedInAssignDueDateUpdate.hubapi: 36] "METHOD": "GET", "STATUS_CODE": "200","URL": "https://api.hubapi.com/crm/v3/objects/2-8311962?properties=assignment_due_date&properties=live_session_datetime&limit=100&after=2641341699"
NoneType: None
2022-09-28 20:43:21 | DEBUG
    [LinkedInAssignDueDateUpdate.hubapi: 36] "METHOD": "GET", "STATUS_CODE": "200","URL": "https://api.hubapi.com/crm/v3/objects/2-8311962?properties=assignment_due_date&properties=live_session_datetime&limit=100&after=2641341821"
NoneType: None
2022-09-28 20:43:21 | DEBUG
    [LinkedInAssignDueDateUpdate.hubapi: 36] "METHOD": "GET", "STATUS_CODE": "200","URL": "https://api.hubapi.com/crm/v3/objects/2-8311962?properties=assignment_due_date&properties=live_session_datetime&limit=100&after=2641342136"
NoneType: None
2022-09-28 20:43:21 | DEBUG
    [LinkedInAssignDueDateUpdate.hubapi: 36] "METHOD": "GET", "STATUS_CODE": "200","URL": "https://api.hubapi.com/crm/v3/objects/2-8311962?properties=assignment_due_date&properties=live_session_datetime&limit=100&after=2641342306"
NoneType: None
2022-09-28 20:43:21 | DEBUG
    [LinkedInAssignDueDateUpdate.hubapi: 36] "METHOD": "GET", "STATUS_CODE": "200","URL": "https://api.hubapi.com/crm/v3/objects/2-8311962?properties=assignment_due_date&properties=live_session_datetime&limit=100&after=2641342582"
NoneType: None
2022-09-28 20:43:21 | DEBUG
    [LinkedInAssignDueDateUpdate.hubapi: 36] "METHOD": "GET", "STATUS_CODE": "200","URL": "https://api.hubapi.com/crm/v3/objects/2-8311962?properties=assignment_due_date&properties=live_session_datetime&limit=100&after=2641342772"
NoneType: None
2022-09-28 20:43:22 | DEBUG
    [LinkedInAssignDueDateUpdate.hubapi: 36] "METHOD": "GET", "STATUS_CODE": "200","URL": "https://api.hubapi.com/crm/v3/objects/2-8311962?properties=assignment_due_date&properties=live_session_datetime&limit=100&after=2641342889"
NoneType: None
2022-09-28 20:43:22 | DEBUG
    [LinkedInAssignDueDateUpdate.hubapi: 36] "METHOD": "GET", "STATUS_CODE": "200","URL": "https://api.hubapi.com/crm/v3/objects/2-8311962?properties=assignment_due_date&properties=live_session_datetime&limit=100&after=2641343073"
NoneType: None
2022-09-28 20:43:22 | DEBUG
    [LinkedInAssignDueDateUpdate.hubapi: 36] "METHOD": "GET", "STATUS_CODE": "200","URL": "https://api.hubapi.com/crm/v3/objects/2-8311962?properties=assignment_due_date&properties=live_session_datetime&limit=100&after=2641360188"
NoneType: None
2022-09-28 20:43:22 | DEBUG
    [LinkedInAssignDueDateUpdate.hubapi: 36] "METHOD": "GET", "STATUS_CODE": "200","URL": "https://api.hubapi.com/crm/v3/objects/2-8311962?properties=assignment_due_date&properties=live_session_datetime&limit=100&after=2641360302"
NoneType: None
2022-09-28 20:43:22 | DEBUG
    [LinkedInAssignDueDateUpdate.hubapi: 36] "METHOD": "GET", "STATUS_CODE": "200","URL": "https://api.hubapi.com/crm/v3/objects/2-8311962?properties=assignment_due_date&properties=live_session_datetime&limit=100&after=2641360790"
NoneType: None
2022-09-28 20:43:22 | DEBUG
    [LinkedInAssignDueDateUpdate.hubapi: 36] "METHOD": "GET", "STATUS_CODE": "200","URL": "https://api.hubapi.com/crm/v3/objects/2-8311962?properties=assignment_due_date&properties=live_session_datetime&limit=100&after=2641361035"
NoneType: None
2022-09-28 20:43:22 | DEBUG
    [LinkedInAssignDueDateUpdate.hubapi: 36] "METHOD": "GET", "STATUS_CODE": "200","URL": "https://api.hubapi.com/crm/v3/objects/2-8311962?properties=assignment_due_date&properties=live_session_datetime&limit=100&after=2641380354"
NoneType: None
2022-09-28 20:43:22 | DEBUG
    [LinkedInAssignDueDateUpdate.hubapi: 36] "METHOD": "GET", "STATUS_CODE": "200","URL": "https://api.hubapi.com/crm/v3/objects/2-8311962?properties=assignment_due_date&properties=live_session_datetime&limit=100&after=2641380662"
NoneType: None
2022-09-28 20:43:22 | DEBUG
    [LinkedInAssignDueDateUpdate.hubapi: 36] "METHOD": "GET", "STATUS_CODE": "200","URL": "https://api.hubapi.com/crm/v3/objects/2-8311962?properties=assignment_due_date&properties=live_session_datetime&limit=100&after=2641380776"
NoneType: None
2022-09-28 20:43:23 | DEBUG
    [LinkedInAssignDueDateUpdate.hubapi: 36] "METHOD": "GET", "STATUS_CODE": "200","URL": "https://api.hubapi.com/crm/v3/objects/2-8311962?properties=assignment_due_date&properties=live_session_datetime&limit=100&after=2641380989"
NoneType: None
2022-09-28 20:43:23 | DEBUG
    [LinkedInAssignDueDateUpdate.hubapi: 36] "METHOD": "GET", "STATUS_CODE": "200","URL": "https://api.hubapi.com/crm/v3/objects/2-8311962?properties=assignment_due_date&properties=live_session_datetime&limit=100&after=2641381381"
NoneType: None
2022-09-28 20:43:23 | DEBUG
    [LinkedInAssignDueDateUpdate.hubapi: 36] "METHOD": "GET", "STATUS_CODE": "200","URL": "https://api.hubapi.com/crm/v3/objects/2-8311962?properties=assignment_due_date&properties=live_session_datetime&limit=100&after=2641402916"
NoneType: None
2022-09-28 20:43:23 | DEBUG
    [LinkedInAssignDueDateUpdate.hubapi: 36] "METHOD": "GET", "STATUS_CODE": "200","URL": "https://api.hubapi.com/crm/v3/objects/2-8311962?properties=assignment_due_date&properties=live_session_datetime&limit=100&after=2641403040"
NoneType: None
2022-09-28 20:43:23 | DEBUG
    [LinkedInAssignDueDateUpdate.hubapi: 36] "METHOD": "GET", "STATUS_CODE": "200","URL": "https://api.hubapi.com/crm/v3/objects/2-8311962?properties=assignment_due_date&properties=live_session_datetime&limit=100&after=2641403220"
NoneType: None
2022-09-28 20:43:23 | DEBUG
    [LinkedInAssignDueDateUpdate.hubapi: 36] "METHOD": "GET", "STATUS_CODE": "200","URL": "https://api.hubapi.com/crm/v3/objects/2-8311962?properties=assignment_due_date&properties=live_session_datetime&limit=100&after=2641403457"
NoneType: None
2022-09-28 20:43:23 | DEBUG
    [LinkedInAssignDueDateUpdate.hubapi: 36] "METHOD": "GET", "STATUS_CODE": "200","URL": "https://api.hubapi.com/crm/v3/objects/2-8311962?properties=assignment_due_date&properties=live_session_datetime&limit=100&after=2641403733"
NoneType: None
2022-09-28 20:43:23 | DEBUG
    [LinkedInAssignDueDateUpdate.hubapi: 36] "METHOD": "GET", "STATUS_CODE": "200","URL": "https://api.hubapi.com/crm/v3/objects/2-8311962?properties=assignment_due_date&properties=live_session_datetime&limit=100&after=2641404196"
NoneType: None
2022-09-28 20:43:23 | DEBUG
    [LinkedInAssignDueDateUpdate.hubapi: 36] "METHOD": "GET", "STATUS_CODE": "200","URL": "https://api.hubapi.com/crm/v3/objects/2-8311962?properties=assignment_due_date&properties=live_session_datetime&limit=100&after=2641404328"
NoneType: None
2022-09-28 20:43:24 | DEBUG
    [LinkedInAssignDueDateUpdate.hubapi: 36] "METHOD": "GET", "STATUS_CODE": "200","URL": "https://api.hubapi.com/crm/v3/objects/2-8311962?properties=assignment_due_date&properties=live_session_datetime&limit=100&after=2641404543"
NoneType: None
2022-09-28 20:43:24 | DEBUG
    [LinkedInAssignDueDateUpdate.hubapi: 36] "METHOD": "GET", "STATUS_CODE": "200","URL": "https://api.hubapi.com/crm/v3/objects/2-8311962?properties=assignment_due_date&properties=live_session_datetime&limit=100&after=2641404713"
NoneType: None
2022-09-28 20:43:24 | DEBUG
    [LinkedInAssignDueDateUpdate.hubapi: 36] "METHOD": "GET", "STATUS_CODE": "200","URL": "https://api.hubapi.com/crm/v3/objects/2-8311962?properties=assignment_due_date&properties=live_session_datetime&limit=100&after=2641404815"
NoneType: None
2022-09-28 20:43:24 | DEBUG
    [LinkedInAssignDueDateUpdate.hubapi: 36] "METHOD": "GET", "STATUS_CODE": "200","URL": "https://api.hubapi.com/crm/v3/objects/2-8311962?properties=assignment_due_date&properties=live_session_datetime&limit=100&after=2641422244"
NoneType: None
2022-09-28 20:43:24 | DEBUG
    [LinkedInAssignDueDateUpdate.hubapi: 36] "METHOD": "GET", "STATUS_CODE": "200","URL": "https://api.hubapi.com/crm/v3/objects/2-8311962?properties=assignment_due_date&properties=live_session_datetime&limit=100&after=2641422416"
NoneType: None
2022-09-28 20:43:24 | DEBUG
    [LinkedInAssignDueDateUpdate.hubapi: 36] "METHOD": "GET", "STATUS_CODE": "200","URL": "https://api.hubapi.com/crm/v3/objects/2-8311962?properties=assignment_due_date&properties=live_session_datetime&limit=100&after=2641422627"
NoneType: None
2022-09-28 20:43:24 | DEBUG
    [LinkedInAssignDueDateUpdate.hubapi: 36] "METHOD": "GET", "STATUS_CODE": "200","URL": "https://api.hubapi.com/crm/v3/objects/2-8311962?properties=assignment_due_date&properties=live_session_datetime&limit=100&after=2641422739"
NoneType: None
2022-09-28 20:43:25 | DEBUG
    [LinkedInAssignDueDateUpdate.hubapi: 36] "METHOD": "GET", "STATUS_CODE": "200","URL": "https://api.hubapi.com/crm/v3/objects/2-8311962?properties=assignment_due_date&properties=live_session_datetime&limit=100&after=2641423132"
NoneType: None
2022-09-28 20:43:25 | DEBUG
    [LinkedInAssignDueDateUpdate.hubapi: 36] "METHOD": "GET", "STATUS_CODE": "200","URL": "https://api.hubapi.com/crm/v3/objects/2-8311962?properties=assignment_due_date&properties=live_session_datetime&limit=100&after=2641441867"
NoneType: None
2022-09-28 20:43:25 | DEBUG
    [LinkedInAssignDueDateUpdate.hubapi: 36] "METHOD": "GET", "STATUS_CODE": "200","URL": "https://api.hubapi.com/crm/v3/objects/2-8311962?properties=assignment_due_date&properties=live_session_datetime&limit=100&after=2641441967"
NoneType: None
2022-09-28 20:43:25 | DEBUG
    [LinkedInAssignDueDateUpdate.hubapi: 36] "METHOD": "GET", "STATUS_CODE": "200","URL": "https://api.hubapi.com/crm/v3/objects/2-8311962?properties=assignment_due_date&properties=live_session_datetime&limit=100&after=2641442163"
NoneType: None
2022-09-28 20:43:25 | DEBUG
    [LinkedInAssignDueDateUpdate.hubapi: 36] "METHOD": "GET", "STATUS_CODE": "200","URL": "https://api.hubapi.com/crm/v3/objects/2-8311962?properties=assignment_due_date&properties=live_session_datetime&limit=100&after=2641442377"
NoneType: None
2022-09-28 20:43:25 | DEBUG
    [LinkedInAssignDueDateUpdate.hubapi: 36] "METHOD": "GET", "STATUS_CODE": "200","URL": "https://api.hubapi.com/crm/v3/objects/2-8311962?properties=assignment_due_date&properties=live_session_datetime&limit=100&after=2641442487"
NoneType: None
2022-09-28 20:43:25 | DEBUG
    [LinkedInAssignDueDateUpdate.hubapi: 36] "METHOD": "GET", "STATUS_CODE": "200","URL": "https://api.hubapi.com/crm/v3/objects/2-8311962?properties=assignment_due_date&properties=live_session_datetime&limit=100&after=2641442841"
NoneType: None
2022-09-28 20:43:26 | DEBUG
    [LinkedInAssignDueDateUpdate.hubapi: 36] "METHOD": "GET", "STATUS_CODE": "200","URL": "https://api.hubapi.com/crm/v3/objects/2-8311962?properties=assignment_due_date&properties=live_session_datetime&limit=100&after=2641459477"
NoneType: None
2022-09-28 20:43:26 | DEBUG
    [LinkedInAssignDueDateUpdate.hubapi: 36] "METHOD": "GET", "STATUS_CODE": "200","URL": "https://api.hubapi.com/crm/v3/objects/2-8311962?properties=assignment_due_date&properties=live_session_datetime&limit=100&after=2641459580"
NoneType: None
2022-09-28 20:43:26 | DEBUG
    [LinkedInAssignDueDateUpdate.hubapi: 36] "METHOD": "GET", "STATUS_CODE": "200","URL": "https://api.hubapi.com/crm/v3/objects/2-8311962?properties=assignment_due_date&properties=live_session_datetime&limit=100&after=2641459760"
NoneType: None
2022-09-28 20:43:26 | DEBUG
    [LinkedInAssignDueDateUpdate.hubapi: 36] "METHOD": "GET", "STATUS_CODE": "200","URL": "https://api.hubapi.com/crm/v3/objects/2-8311962?properties=assignment_due_date&properties=live_session_datetime&limit=100&after=2641459892"
NoneType: None
2022-09-28 20:43:26 | DEBUG
    [LinkedInAssignDueDateUpdate.hubapi: 36] "METHOD": "GET", "STATUS_CODE": "200","URL": "https://api.hubapi.com/crm/v3/objects/2-8311962?properties=assignment_due_date&properties=live_session_datetime&limit=100&after=2641483683"
NoneType: None
2022-09-28 20:43:27 | DEBUG
    [LinkedInAssignDueDateUpdate.hubapi: 36] "METHOD": "GET", "STATUS_CODE": "200","URL": "https://api.hubapi.com/crm/v3/objects/2-8311962?properties=assignment_due_date&properties=live_session_datetime&limit=100&after=2641483915"
NoneType: None
2022-09-28 20:43:27 | DEBUG
    [LinkedInAssignDueDateUpdate.hubapi: 36] "METHOD": "GET", "STATUS_CODE": "200","URL": "https://api.hubapi.com/crm/v3/objects/2-8311962?properties=assignment_due_date&properties=live_session_datetime&limit=100&after=2641484351"
NoneType: None
2022-09-28 20:43:27 | DEBUG
    [LinkedInAssignDueDateUpdate.hubapi: 36] "METHOD": "GET", "STATUS_CODE": "200","URL": "https://api.hubapi.com/crm/v3/objects/2-8311962?properties=assignment_due_date&properties=live_session_datetime&limit=100&after=2641484668"
NoneType: None
2022-09-28 20:43:27 | DEBUG
    [LinkedInAssignDueDateUpdate.hubapi: 36] "METHOD": "GET", "STATUS_CODE": "200","URL": "https://api.hubapi.com/crm/v3/objects/2-8311962?properties=assignment_due_date&properties=live_session_datetime&limit=100&after=2641484893"
NoneType: None
2022-09-28 20:43:27 | DEBUG
    [LinkedInAssignDueDateUpdate.hubapi: 36] "METHOD": "GET", "STATUS_CODE": "200","URL": "https://api.hubapi.com/crm/v3/objects/2-8311962?properties=assignment_due_date&properties=live_session_datetime&limit=100&after=2641504033"
NoneType: None
2022-09-28 20:43:27 | DEBUG
    [LinkedInAssignDueDateUpdate.hubapi: 36] "METHOD": "GET", "STATUS_CODE": "200","URL": "https://api.hubapi.com/crm/v3/objects/2-8311962?properties=assignment_due_date&properties=live_session_datetime&limit=100&after=2641504435"
NoneType: None
2022-09-28 20:43:27 | DEBUG
    [LinkedInAssignDueDateUpdate.hubapi: 36] "METHOD": "GET", "STATUS_CODE": "200","URL": "https://api.hubapi.com/crm/v3/objects/2-8311962?properties=assignment_due_date&properties=live_session_datetime&limit=100&after=2641505096"
NoneType: None
2022-09-28 20:43:27 | DEBUG
    [LinkedInAssignDueDateUpdate.hubapi: 36] "METHOD": "GET", "STATUS_CODE": "200","URL": "https://api.hubapi.com/crm/v3/objects/2-8311962?properties=assignment_due_date&properties=live_session_datetime&limit=100&after=2641505198"
NoneType: None
2022-09-28 20:43:27 | DEBUG
    [LinkedInAssignDueDateUpdate.hubapi: 36] "METHOD": "GET", "STATUS_CODE": "200","URL": "https://api.hubapi.com/crm/v3/objects/2-8311962?properties=assignment_due_date&properties=live_session_datetime&limit=100&after=2641505375"
NoneType: None
2022-09-28 20:43:28 | DEBUG
    [LinkedInAssignDueDateUpdate.hubapi: 36] "METHOD": "GET", "STATUS_CODE": "200","URL": "https://api.hubapi.com/crm/v3/objects/2-8311962?properties=assignment_due_date&properties=live_session_datetime&limit=100&after=2641505556"
NoneType: None
2022-09-28 20:43:28 | DEBUG
    [LinkedInAssignDueDateUpdate.hubapi: 36] "METHOD": "GET", "STATUS_CODE": "200","URL": "https://api.hubapi.com/crm/v3/objects/2-8311962?properties=assignment_due_date&properties=live_session_datetime&limit=100&after=2641524572"
NoneType: None
2022-09-28 20:43:28 | DEBUG
    [LinkedInAssignDueDateUpdate.hubapi: 36] "METHOD": "GET", "STATUS_CODE": "200","URL": "https://api.hubapi.com/crm/v3/objects/2-8311962?properties=assignment_due_date&properties=live_session_datetime&limit=100&after=2641524753"
NoneType: None
2022-09-28 20:43:28 | DEBUG
    [LinkedInAssignDueDateUpdate.hubapi: 36] "METHOD": "GET", "STATUS_CODE": "200","URL": "https://api.hubapi.com/crm/v3/objects/2-8311962?properties=assignment_due_date&properties=live_session_datetime&limit=100&after=2641524855"
NoneType: None
2022-09-28 20:43:28 | DEBUG
    [LinkedInAssignDueDateUpdate.hubapi: 36] "METHOD": "GET", "STATUS_CODE": "200","URL": "https://api.hubapi.com/crm/v3/objects/2-8311962?properties=assignment_due_date&properties=live_session_datetime&limit=100&after=2641525288"
NoneType: None
2022-09-28 20:43:28 | DEBUG
    [LinkedInAssignDueDateUpdate.hubapi: 36] "METHOD": "GET", "STATUS_CODE": "200","URL": "https://api.hubapi.com/crm/v3/objects/2-8311962?properties=assignment_due_date&properties=live_session_datetime&limit=100&after=2641525424"
NoneType: None
2022-09-28 20:43:28 | DEBUG
    [LinkedInAssignDueDateUpdate.hubapi: 36] "METHOD": "GET", "STATUS_CODE": "200","URL": "https://api.hubapi.com/crm/v3/objects/2-8311962?properties=assignment_due_date&properties=live_session_datetime&limit=100&after=2641552898"
NoneType: None
2022-09-28 20:43:28 | DEBUG
    [LinkedInAssignDueDateUpdate.hubapi: 36] "METHOD": "GET", "STATUS_CODE": "200","URL": "https://api.hubapi.com/crm/v3/objects/2-8311962?properties=assignment_due_date&properties=live_session_datetime&limit=100&after=2641553162"
NoneType: None
2022-09-28 20:43:29 | DEBUG
    [LinkedInAssignDueDateUpdate.hubapi: 36] "METHOD": "GET", "STATUS_CODE": "200","URL": "https://api.hubapi.com/crm/v3/objects/2-8311962?properties=assignment_due_date&properties=live_session_datetime&limit=100&after=2641553518"
NoneType: None
2022-09-28 20:43:29 | DEBUG
    [LinkedInAssignDueDateUpdate.hubapi: 36] "METHOD": "GET", "STATUS_CODE": "200","URL": "https://api.hubapi.com/crm/v3/objects/2-8311962?properties=assignment_due_date&properties=live_session_datetime&limit=100&after=2641560684"
NoneType: None
2022-09-28 20:43:29 | DEBUG
    [LinkedInAssignDueDateUpdate.hubapi: 36] "METHOD": "GET", "STATUS_CODE": "200","URL": "https://api.hubapi.com/crm/v3/objects/2-8311962?properties=assignment_due_date&properties=live_session_datetime&limit=100&after=2641560918"
NoneType: None
2022-09-28 20:43:29 | DEBUG
    [LinkedInAssignDueDateUpdate.hubapi: 36] "METHOD": "GET", "STATUS_CODE": "200","URL": "https://api.hubapi.com/crm/v3/objects/2-8311962?properties=assignment_due_date&properties=live_session_datetime&limit=100&after=2641561136"
NoneType: None
2022-09-28 20:43:29 | DEBUG
    [LinkedInAssignDueDateUpdate.hubapi: 36] "METHOD": "GET", "STATUS_CODE": "200","URL": "https://api.hubapi.com/crm/v3/objects/2-8311962?properties=assignment_due_date&properties=live_session_datetime&limit=100&after=2641561236"
NoneType: None
2022-09-28 20:43:30 | DEBUG
    [LinkedInAssignDueDateUpdate.hubapi: 36] "METHOD": "GET", "STATUS_CODE": "200","URL": "https://api.hubapi.com/crm/v3/objects/2-8311962?properties=assignment_due_date&properties=live_session_datetime&limit=100&after=2641561427"
NoneType: None
2022-09-28 20:43:30 | DEBUG
    [LinkedInAssignDueDateUpdate.hubapi: 36] "METHOD": "GET", "STATUS_CODE": "200","URL": "https://api.hubapi.com/crm/v3/objects/2-8311962?properties=assignment_due_date&properties=live_session_datetime&limit=100&after=2641561530"
NoneType: None
2022-09-28 20:43:30 | DEBUG
    [LinkedInAssignDueDateUpdate.hubapi: 36] "METHOD": "GET", "STATUS_CODE": "200","URL": "https://api.hubapi.com/crm/v3/objects/2-8311962?properties=assignment_due_date&properties=live_session_datetime&limit=100&after=2641588646"
NoneType: None
2022-09-28 20:43:30 | DEBUG
    [LinkedInAssignDueDateUpdate.hubapi: 36] "METHOD": "GET", "STATUS_CODE": "200","URL": "https://api.hubapi.com/crm/v3/objects/2-8311962?properties=assignment_due_date&properties=live_session_datetime&limit=100&after=2641588838"
NoneType: None
2022-09-28 20:43:30 | DEBUG
    [LinkedInAssignDueDateUpdate.hubapi: 36] "METHOD": "GET", "STATUS_CODE": "200","URL": "https://api.hubapi.com/crm/v3/objects/2-8311962?properties=assignment_due_date&properties=live_session_datetime&limit=100&after=2641589031"
NoneType: None
2022-09-28 20:43:30 | DEBUG
    [LinkedInAssignDueDateUpdate.hubapi: 36] "METHOD": "GET", "STATUS_CODE": "200","URL": "https://api.hubapi.com/crm/v3/objects/2-8311962?properties=assignment_due_date&properties=live_session_datetime&limit=100&after=2641589141"
NoneType: None
2022-09-28 20:43:31 | DEBUG
    [LinkedInAssignDueDateUpdate.hubapi: 36] "METHOD": "GET", "STATUS_CODE": "200","URL": "https://api.hubapi.com/crm/v3/objects/2-8311962?properties=assignment_due_date&properties=live_session_datetime&limit=100&after=2641589403"
NoneType: None
2022-09-28 20:43:31 | DEBUG
    [LinkedInAssignDueDateUpdate.hubapi: 36] "METHOD": "GET", "STATUS_CODE": "200","URL": "https://api.hubapi.com/crm/v3/objects/2-8311962?properties=assignment_due_date&properties=live_session_datetime&limit=100&after=2641589575"
NoneType: None
2022-09-28 20:43:31 | DEBUG
    [LinkedInAssignDueDateUpdate.hubapi: 36] "METHOD": "GET", "STATUS_CODE": "200","URL": "https://api.hubapi.com/crm/v3/objects/2-8311962?properties=assignment_due_date&properties=live_session_datetime&limit=100&after=2641589677"
NoneType: None
2022-09-28 20:43:31 | DEBUG
    [LinkedInAssignDueDateUpdate.hubapi: 36] "METHOD": "GET", "STATUS_CODE": "200","URL": "https://api.hubapi.com/crm/v3/objects/2-8311962?properties=assignment_due_date&properties=live_session_datetime&limit=100&after=2641589867"
NoneType: None
2022-09-28 20:43:31 | DEBUG
    [LinkedInAssignDueDateUpdate.hubapi: 36] "METHOD": "GET", "STATUS_CODE": "200","URL": "https://api.hubapi.com/crm/v3/objects/2-8311962?properties=assignment_due_date&properties=live_session_datetime&limit=100&after=2641590087"
NoneType: None
2022-09-28 20:43:31 | DEBUG
    [LinkedInAssignDueDateUpdate.hubapi: 36] "METHOD": "GET", "STATUS_CODE": "200","URL": "https://api.hubapi.com/crm/v3/objects/2-8311962?properties=assignment_due_date&properties=live_session_datetime&limit=100&after=2641612657"
NoneType: None
2022-09-28 20:43:32 | DEBUG
    [LinkedInAssignDueDateUpdate.hubapi: 36] "METHOD": "GET", "STATUS_CODE": "200","URL": "https://api.hubapi.com/crm/v3/objects/2-8311962?properties=assignment_due_date&properties=live_session_datetime&limit=100&after=2641613236"
NoneType: None
2022-09-28 20:43:32 | DEBUG
    [LinkedInAssignDueDateUpdate.hubapi: 36] "METHOD": "GET", "STATUS_CODE": "200","URL": "https://api.hubapi.com/crm/v3/objects/2-8311962?properties=assignment_due_date&properties=live_session_datetime&limit=100&after=2641613454"
NoneType: None
2022-09-28 20:43:32 | DEBUG
    [LinkedInAssignDueDateUpdate.hubapi: 36] "METHOD": "GET", "STATUS_CODE": "200","URL": "https://api.hubapi.com/crm/v3/objects/2-8311962?properties=assignment_due_date&properties=live_session_datetime&limit=100&after=2641631342"
NoneType: None
2022-09-28 20:43:32 | DEBUG
    [LinkedInAssignDueDateUpdate.hubapi: 36] "METHOD": "GET", "STATUS_CODE": "200","URL": "https://api.hubapi.com/crm/v3/objects/2-8311962?properties=assignment_due_date&properties=live_session_datetime&limit=100&after=2641631570"
NoneType: None
2022-09-28 20:43:32 | DEBUG
    [LinkedInAssignDueDateUpdate.hubapi: 36] "METHOD": "GET", "STATUS_CODE": "200","URL": "https://api.hubapi.com/crm/v3/objects/2-8311962?properties=assignment_due_date&properties=live_session_datetime&limit=100&after=2641631671"
NoneType: None
2022-09-28 20:43:32 | DEBUG
    [LinkedInAssignDueDateUpdate.hubapi: 36] "METHOD": "GET", "STATUS_CODE": "200","URL": "https://api.hubapi.com/crm/v3/objects/2-8311962?properties=assignment_due_date&properties=live_session_datetime&limit=100&after=2641631865"
NoneType: None
2022-09-28 20:43:32 | DEBUG
    [LinkedInAssignDueDateUpdate.hubapi: 36] "METHOD": "GET", "STATUS_CODE": "200","URL": "https://api.hubapi.com/crm/v3/objects/2-8311962?properties=assignment_due_date&properties=live_session_datetime&limit=100&after=2641632050"
NoneType: None
2022-09-28 20:43:32 | DEBUG
    [LinkedInAssignDueDateUpdate.hubapi: 36] "METHOD": "GET", "STATUS_CODE": "200","URL": "https://api.hubapi.com/crm/v3/objects/2-8311962?properties=assignment_due_date&properties=live_session_datetime&limit=100&after=2641632273"
NoneType: None
2022-09-28 20:43:32 | DEBUG
    [LinkedInAssignDueDateUpdate.hubapi: 36] "METHOD": "GET", "STATUS_CODE": "200","URL": "https://api.hubapi.com/crm/v3/objects/2-8311962?properties=assignment_due_date&properties=live_session_datetime&limit=100&after=2641632378"
NoneType: None
2022-09-28 20:43:33 | DEBUG
    [LinkedInAssignDueDateUpdate.hubapi: 36] "METHOD": "GET", "STATUS_CODE": "200","URL": "https://api.hubapi.com/crm/v3/objects/2-8311962?properties=assignment_due_date&properties=live_session_datetime&limit=100&after=2641632548"
NoneType: None
2022-09-28 20:43:33 | DEBUG
    [LinkedInAssignDueDateUpdate.hubapi: 36] "METHOD": "GET", "STATUS_CODE": "200","URL": "https://api.hubapi.com/crm/v3/objects/2-8311962?properties=assignment_due_date&properties=live_session_datetime&limit=100&after=2641676439"
NoneType: None
2022-09-28 20:43:33 | DEBUG
    [LinkedInAssignDueDateUpdate.hubapi: 36] "METHOD": "GET", "STATUS_CODE": "200","URL": "https://api.hubapi.com/crm/v3/objects/2-8311962?properties=assignment_due_date&properties=live_session_datetime&limit=100&after=2643114837"
NoneType: None
2022-09-28 20:43:33 | DEBUG
    [LinkedInAssignDueDateUpdate.hubapi: 36] "METHOD": "GET", "STATUS_CODE": "200","URL": "https://api.hubapi.com/crm/v3/objects/2-8311962?properties=assignment_due_date&properties=live_session_datetime&limit=100&after=2643114938"
NoneType: None
2022-09-28 20:43:33 | DEBUG
    [LinkedInAssignDueDateUpdate.hubapi: 36] "METHOD": "GET", "STATUS_CODE": "200","URL": "https://api.hubapi.com/crm/v3/objects/2-8311962?properties=assignment_due_date&properties=live_session_datetime&limit=100&after=2643115119"
NoneType: None
2022-09-28 20:43:33 | DEBUG
    [LinkedInAssignDueDateUpdate.hubapi: 36] "METHOD": "GET", "STATUS_CODE": "200","URL": "https://api.hubapi.com/crm/v3/objects/2-8311962?properties=assignment_due_date&properties=live_session_datetime&limit=100&after=2643115310"
NoneType: None
2022-09-28 20:43:33 | DEBUG
    [LinkedInAssignDueDateUpdate.hubapi: 36] "METHOD": "GET", "STATUS_CODE": "200","URL": "https://api.hubapi.com/crm/v3/objects/2-8311962?properties=assignment_due_date&properties=live_session_datetime&limit=100&after=2643115551"
NoneType: None
2022-09-28 20:43:33 | DEBUG
    [LinkedInAssignDueDateUpdate.hubapi: 36] "METHOD": "GET", "STATUS_CODE": "200","URL": "https://api.hubapi.com/crm/v3/objects/2-8311962?properties=assignment_due_date&properties=live_session_datetime&limit=100&after=2643115845"
NoneType: None
2022-09-28 20:43:34 | DEBUG
    [LinkedInAssignDueDateUpdate.hubapi: 36] "METHOD": "GET", "STATUS_CODE": "200","URL": "https://api.hubapi.com/crm/v3/objects/2-8311962?properties=assignment_due_date&properties=live_session_datetime&limit=100&after=2643116045"
NoneType: None
2022-09-28 20:43:34 | DEBUG
    [LinkedInAssignDueDateUpdate.hubapi: 36] "METHOD": "GET", "STATUS_CODE": "200","URL": "https://api.hubapi.com/crm/v3/objects/2-8311962?properties=assignment_due_date&properties=live_session_datetime&limit=100&after=2824704045"
NoneType: None
2022-09-28 20:43:34 | DEBUG
    [LinkedInAssignDueDateUpdate.hubapi: 36] "METHOD": "GET", "STATUS_CODE": "200","URL": "https://api.hubapi.com/crm/v3/objects/2-8311962?properties=assignment_due_date&properties=live_session_datetime&limit=100&after=2824730488"
NoneType: None
2022-09-28 20:43:34 | DEBUG
    [LinkedInAssignDueDateUpdate.hubapi: 36] "METHOD": "GET", "STATUS_CODE": "200","URL": "https://api.hubapi.com/crm/v3/objects/2-8311962?properties=assignment_due_date&properties=live_session_datetime&limit=100&after=2824756601"
NoneType: None
2022-09-28 20:43:34 | DEBUG
    [LinkedInAssignDueDateUpdate.hubapi: 36] "METHOD": "GET", "STATUS_CODE": "200","URL": "https://api.hubapi.com/crm/v3/objects/2-8311962?properties=assignment_due_date&properties=live_session_datetime&limit=100&after=2824756775"
NoneType: None
2022-09-28 20:43:34 | DEBUG
    [LinkedInAssignDueDateUpdate.hubapi: 36] "METHOD": "GET", "STATUS_CODE": "200","URL": "https://api.hubapi.com/crm/v3/objects/2-8311962?properties=assignment_due_date&properties=live_session_datetime&limit=100&after=2824835422"
NoneType: None
2022-09-28 20:43:34 | DEBUG
    [LinkedInAssignDueDateUpdate.hubapi: 36] "METHOD": "GET", "STATUS_CODE": "200","URL": "https://api.hubapi.com/crm/v3/objects/2-8311962?properties=assignment_due_date&properties=live_session_datetime&limit=100&after=2824844417"
NoneType: None
2022-09-28 20:43:34 | DEBUG
    [LinkedInAssignDueDateUpdate.hubapi: 36] "METHOD": "GET", "STATUS_CODE": "200","URL": "https://api.hubapi.com/crm/v3/objects/2-8311962?properties=assignment_due_date&properties=live_session_datetime&limit=100&after=2824872321"
NoneType: None
2022-09-28 20:43:34 | DEBUG
    [LinkedInAssignDueDateUpdate.hubapi: 36] "METHOD": "GET", "STATUS_CODE": "200","URL": "https://api.hubapi.com/crm/v3/objects/2-8311962?properties=assignment_due_date&properties=live_session_datetime&limit=100&after=2824926037"
NoneType: None
2022-09-28 20:43:35 | DEBUG
    [LinkedInAssignDueDateUpdate.hubapi: 36] "METHOD": "GET", "STATUS_CODE": "200","URL": "https://api.hubapi.com/crm/v3/objects/2-8311962?properties=assignment_due_date&properties=live_session_datetime&limit=100&after=2824926138"
NoneType: None
2022-09-28 20:43:35 | DEBUG
    [LinkedInAssignDueDateUpdate.hubapi: 36] "METHOD": "GET", "STATUS_CODE": "200","URL": "https://api.hubapi.com/crm/v3/objects/2-8311962?properties=assignment_due_date&properties=live_session_datetime&limit=100&after=2824975264"
NoneType: None
2022-09-28 20:43:35 | DEBUG
    [LinkedInAssignDueDateUpdate.hubapi: 36] "METHOD": "GET", "STATUS_CODE": "200","URL": "https://api.hubapi.com/crm/v3/objects/2-8311962?properties=assignment_due_date&properties=live_session_datetime&limit=100&after=2825014671"
NoneType: None
2022-09-28 20:43:35 | DEBUG
    [LinkedInAssignDueDateUpdate.hubapi: 36] "METHOD": "GET", "STATUS_CODE": "200","URL": "https://api.hubapi.com/crm/v3/objects/2-8311962?properties=assignment_due_date&properties=live_session_datetime&limit=100&after=2825014842"
NoneType: None
2022-09-28 20:43:35 | DEBUG
    [LinkedInAssignDueDateUpdate.hubapi: 36] "METHOD": "GET", "STATUS_CODE": "200","URL": "https://api.hubapi.com/crm/v3/objects/2-8311962?properties=assignment_due_date&properties=live_session_datetime&limit=100&after=2825130016"
NoneType: None
2022-09-28 20:43:35 | DEBUG
    [LinkedInAssignDueDateUpdate.hubapi: 36] "METHOD": "GET", "STATUS_CODE": "200","URL": "https://api.hubapi.com/crm/v3/objects/2-8311962?properties=assignment_due_date&properties=live_session_datetime&limit=100&after=2825130126"
NoneType: None
2022-09-28 20:43:35 | DEBUG
    [LinkedInAssignDueDateUpdate.hubapi: 36] "METHOD": "GET", "STATUS_CODE": "200","URL": "https://api.hubapi.com/crm/v3/objects/2-8311962?properties=assignment_due_date&properties=live_session_datetime&limit=100&after=2825184072"
NoneType: None
2022-09-28 20:43:35 | DEBUG
    [LinkedInAssignDueDateUpdate.hubapi: 36] "METHOD": "GET", "STATUS_CODE": "200","URL": "https://api.hubapi.com/crm/v3/objects/2-8311962?properties=assignment_due_date&properties=live_session_datetime&limit=100&after=2858745383"
NoneType: None
2022-09-28 20:43:35 | DEBUG
    [LinkedInAssignDueDateUpdate.hubapi: 36] "METHOD": "GET", "STATUS_CODE": "200","URL": "https://api.hubapi.com/crm/v3/objects/2-8311962?properties=assignment_due_date&properties=live_session_datetime&limit=100&after=2859058189"
NoneType: None
2022-09-28 20:43:36 | DEBUG
    [LinkedInAssignDueDateUpdate.hubapi: 36] "METHOD": "GET", "STATUS_CODE": "200","URL": "https://api.hubapi.com/crm/v3/objects/2-8311962?properties=assignment_due_date&properties=live_session_datetime&limit=100&after=2864725085"
NoneType: None
2022-09-28 20:43:36 | DEBUG
    [LinkedInAssignDueDateUpdate.hubapi: 36] "METHOD": "GET", "STATUS_CODE": "200","URL": "https://api.hubapi.com/crm/v3/objects/2-8311962?properties=assignment_due_date&properties=live_session_datetime&limit=100&after=2865346565"
NoneType: None
2022-09-28 20:43:36 | DEBUG
    [LinkedInAssignDueDateUpdate.hubapi: 36] "METHOD": "GET", "STATUS_CODE": "200","URL": "https://api.hubapi.com/crm/v3/objects/2-8311962?properties=assignment_due_date&properties=live_session_datetime&limit=100&after=2867689127"
NoneType: None
2022-09-28 20:43:36 | DEBUG
    [LinkedInAssignDueDateUpdate.hubapi: 36] "METHOD": "GET", "STATUS_CODE": "200","URL": "https://api.hubapi.com/crm/v3/objects/2-8311962?properties=assignment_due_date&properties=live_session_datetime&limit=100&after=2885043982"
NoneType: None
2022-09-28 20:43:36 | DEBUG
    [LinkedInAssignDueDateUpdate.hubapi: 36] "METHOD": "GET", "STATUS_CODE": "200","URL": "https://api.hubapi.com/crm/v3/objects/2-8311962?properties=assignment_due_date&properties=live_session_datetime&limit=100&after=2901521082"
NoneType: None
2022-09-28 20:43:36 | DEBUG
    [LinkedInAssignDueDateUpdate.hubapi: 36] "METHOD": "GET", "STATUS_CODE": "200","URL": "https://api.hubapi.com/crm/v3/objects/2-8311962?properties=assignment_due_date&properties=live_session_datetime&limit=100&after=2902198711"
NoneType: None
2022-09-28 20:43:36 | DEBUG
    [LinkedInAssignDueDateUpdate.hubapi: 36] "METHOD": "GET", "STATUS_CODE": "200","URL": "https://api.hubapi.com/crm/v3/objects/2-8311962?properties=assignment_due_date&properties=live_session_datetime&limit=100&after=2902543250"
NoneType: None
2022-09-28 20:43:36 | DEBUG
    [LinkedInAssignDueDateUpdate.hubapi: 36] "METHOD": "GET", "STATUS_CODE": "200","URL": "https://api.hubapi.com/crm/v3/objects/2-8311962?properties=assignment_due_date&properties=live_session_datetime&limit=100&after=2906321239"
NoneType: None
2022-09-28 20:43:36 | DEBUG
    [LinkedInAssignDueDateUpdate.hubapi: 36] "METHOD": "GET", "STATUS_CODE": "200","URL": "https://api.hubapi.com/crm/v3/objects/2-8311962?properties=assignment_due_date&properties=live_session_datetime&limit=100&after=2910709606"
NoneType: None
2022-09-28 20:43:37 | DEBUG
    [LinkedInAssignDueDateUpdate.hubapi: 36] "METHOD": "GET", "STATUS_CODE": "200","URL": "https://api.hubapi.com/crm/v3/objects/2-8311962?properties=assignment_due_date&properties=live_session_datetime&limit=100&after=2923947359"
NoneType: None
2022-09-28 20:43:37 | DEBUG
    [LinkedInAssignDueDateUpdate.hubapi: 36] "METHOD": "GET", "STATUS_CODE": "200","URL": "https://api.hubapi.com/crm/v3/objects/2-8311962?properties=assignment_due_date&properties=live_session_datetime&limit=100&after=2945349773"
NoneType: None
2022-09-28 20:43:37 | DEBUG
    [LinkedInAssignDueDateUpdate.hubapi: 36] "METHOD": "GET", "STATUS_CODE": "200","URL": "https://api.hubapi.com/crm/v3/objects/2-8311962?properties=assignment_due_date&properties=live_session_datetime&limit=100&after=2967140894"
NoneType: None
2022-09-28 20:43:37 | DEBUG
    [LinkedInAssignDueDateUpdate.hubapi: 36] "METHOD": "GET", "STATUS_CODE": "200","URL": "https://api.hubapi.com/crm/v3/objects/2-8311962?properties=assignment_due_date&properties=live_session_datetime&limit=100&after=2967311140"
NoneType: None
2022-09-28 20:43:37 | INFO
    [LinkedInAssignDueDateUpdate.hubapi:146] Breaking 1827 records into batches of 100.
2022-09-28 20:43:37 | INFO
    [LinkedInAssignDueDateUpdate.hubapi:149] 19 batch requests to do.
2022-09-28 20:43:37 | INFO
    [LinkedInAssignDueDateUpdate.hubapi:156] Working on batch request 1/19...
2022-09-28 20:43:37 | DEBUG
    [LinkedInAssignDueDateUpdate.hubapi: 36] "METHOD": "POST", "STATUS_CODE": "200","URL": "https://api.hubapi.com/crm/v3/objects/2-8311962/batch/update"
NoneType: None
2022-09-28 20:43:38 | INFO
    [LinkedInAssignDueDateUpdate.hubapi:156] Working on batch request 2/19...
2022-09-28 20:43:39 | DEBUG
    [LinkedInAssignDueDateUpdate.hubapi: 36] "METHOD": "POST", "STATUS_CODE": "200","URL": "https://api.hubapi.com/crm/v3/objects/2-8311962/batch/update"
NoneType: None
2022-09-28 20:43:40 | INFO
    [LinkedInAssignDueDateUpdate.hubapi:156] Working on batch request 3/19...
2022-09-28 20:43:40 | DEBUG
    [LinkedInAssignDueDateUpdate.hubapi: 36] "METHOD": "POST", "STATUS_CODE": "200","URL": "https://api.hubapi.com/crm/v3/objects/2-8311962/batch/update"
NoneType: None
2022-09-28 20:43:41 | INFO
    [LinkedInAssignDueDateUpdate.hubapi:156] Working on batch request 4/19...
2022-09-28 20:43:42 | DEBUG
    [LinkedInAssignDueDateUpdate.hubapi: 36] "METHOD": "POST", "STATUS_CODE": "200","URL": "https://api.hubapi.com/crm/v3/objects/2-8311962/batch/update"
NoneType: None
2022-09-28 20:43:43 | INFO
    [LinkedInAssignDueDateUpdate.hubapi:156] Working on batch request 5/19...
2022-09-28 20:43:43 | DEBUG
    [LinkedInAssignDueDateUpdate.hubapi: 36] "METHOD": "POST", "STATUS_CODE": "200","URL": "https://api.hubapi.com/crm/v3/objects/2-8311962/batch/update"
NoneType: None
2022-09-28 20:43:44 | INFO
    [LinkedInAssignDueDateUpdate.hubapi:156] Working on batch request 6/19...
2022-09-28 20:43:44 | DEBUG
    [LinkedInAssignDueDateUpdate.hubapi: 36] "METHOD": "POST", "STATUS_CODE": "200","URL": "https://api.hubapi.com/crm/v3/objects/2-8311962/batch/update"
NoneType: None
2022-09-28 20:43:45 | INFO
    [LinkedInAssignDueDateUpdate.hubapi:156] Working on batch request 7/19...
2022-09-28 20:43:45 | DEBUG
    [LinkedInAssignDueDateUpdate.hubapi: 36] "METHOD": "POST", "STATUS_CODE": "200","URL": "https://api.hubapi.com/crm/v3/objects/2-8311962/batch/update"
NoneType: None
2022-09-28 20:43:46 | INFO
    [LinkedInAssignDueDateUpdate.hubapi:156] Working on batch request 8/19...
2022-09-28 20:43:47 | DEBUG
    [LinkedInAssignDueDateUpdate.hubapi: 36] "METHOD": "POST", "STATUS_CODE": "200","URL": "https://api.hubapi.com/crm/v3/objects/2-8311962/batch/update"
NoneType: None
2022-09-28 20:43:48 | INFO
    [LinkedInAssignDueDateUpdate.hubapi:156] Working on batch request 9/19...
2022-09-28 20:43:48 | DEBUG
    [LinkedInAssignDueDateUpdate.hubapi: 36] "METHOD": "POST", "STATUS_CODE": "200","URL": "https://api.hubapi.com/crm/v3/objects/2-8311962/batch/update"
NoneType: None
2022-09-28 20:43:49 | INFO
    [LinkedInAssignDueDateUpdate.hubapi:156] Working on batch request 10/19...
2022-09-28 20:43:49 | DEBUG
    [LinkedInAssignDueDateUpdate.hubapi: 36] "METHOD": "POST", "STATUS_CODE": "200","URL": "https://api.hubapi.com/crm/v3/objects/2-8311962/batch/update"
NoneType: None
2022-09-28 20:43:50 | INFO
    [LinkedInAssignDueDateUpdate.hubapi:156] Working on batch request 11/19...
2022-09-28 20:43:51 | DEBUG
    [LinkedInAssignDueDateUpdate.hubapi: 36] "METHOD": "POST", "STATUS_CODE": "200","URL": "https://api.hubapi.com/crm/v3/objects/2-8311962/batch/update"
NoneType: None
2022-09-28 20:43:52 | INFO
    [LinkedInAssignDueDateUpdate.hubapi:156] Working on batch request 12/19...
2022-09-28 20:43:52 | DEBUG
    [LinkedInAssignDueDateUpdate.hubapi: 36] "METHOD": "POST", "STATUS_CODE": "200","URL": "https://api.hubapi.com/crm/v3/objects/2-8311962/batch/update"
NoneType: None
2022-09-28 20:43:53 | INFO
    [LinkedInAssignDueDateUpdate.hubapi:156] Working on batch request 13/19...
2022-09-28 20:43:53 | DEBUG
    [LinkedInAssignDueDateUpdate.hubapi: 36] "METHOD": "POST", "STATUS_CODE": "200","URL": "https://api.hubapi.com/crm/v3/objects/2-8311962/batch/update"
NoneType: None
2022-09-28 20:43:54 | INFO
    [LinkedInAssignDueDateUpdate.hubapi:156] Working on batch request 14/19...
2022-09-28 20:43:54 | DEBUG
    [LinkedInAssignDueDateUpdate.hubapi: 36] "METHOD": "POST", "STATUS_CODE": "200","URL": "https://api.hubapi.com/crm/v3/objects/2-8311962/batch/update"
NoneType: None
2022-09-28 20:43:55 | INFO
    [LinkedInAssignDueDateUpdate.hubapi:156] Working on batch request 15/19...
2022-09-28 20:43:56 | DEBUG
    [LinkedInAssignDueDateUpdate.hubapi: 36] "METHOD": "POST", "STATUS_CODE": "200","URL": "https://api.hubapi.com/crm/v3/objects/2-8311962/batch/update"
NoneType: None
2022-09-28 20:43:57 | INFO
    [LinkedInAssignDueDateUpdate.hubapi:156] Working on batch request 16/19...
2022-09-28 20:43:57 | DEBUG
    [LinkedInAssignDueDateUpdate.hubapi: 36] "METHOD": "POST", "STATUS_CODE": "200","URL": "https://api.hubapi.com/crm/v3/objects/2-8311962/batch/update"
NoneType: None
2022-09-28 20:43:58 | INFO
    [LinkedInAssignDueDateUpdate.hubapi:156] Working on batch request 17/19...
2022-09-28 20:43:58 | DEBUG
    [LinkedInAssignDueDateUpdate.hubapi: 36] "METHOD": "POST", "STATUS_CODE": "200","URL": "https://api.hubapi.com/crm/v3/objects/2-8311962/batch/update"
NoneType: None
2022-09-28 20:43:59 | INFO
    [LinkedInAssignDueDateUpdate.hubapi:156] Working on batch request 18/19...
2022-09-28 20:43:59 | DEBUG
    [LinkedInAssignDueDateUpdate.hubapi: 36] "METHOD": "POST", "STATUS_CODE": "200","URL": "https://api.hubapi.com/crm/v3/objects/2-8311962/batch/update"
NoneType: None
2022-09-28 20:44:00 | INFO
    [LinkedInAssignDueDateUpdate.hubapi:156] Working on batch request 19/19...
2022-09-28 20:44:00 | DEBUG
    [LinkedInAssignDueDateUpdate.hubapi: 36] "METHOD": "POST", "STATUS_CODE": "200","URL": "https://api.hubapi.com/crm/v3/objects/2-8311962/batch/update"
NoneType: None
2022-09-28 20:44:01 | INFO
    [LinkedInAssignDueDateUpdate:119] 
1827 due date(s) have been added.

2022-09-28 20:44:01 | INFO
    [LinkedInAssignDueDateUpdate:123] 
--- END ASSIGNMENTMENT DUE DATE CALCULATION (2022-09-28) ---
