2022-08-12 10:21:55 | INFO
    [LinkedInAssignDueDateUpdate: 69] --- BEGIN LINKEDIN CERTIFICATIONS CREATION (2022-08-12) ---

2022-08-12 10:21:55 | INFO
    [LinkedInAssignDueDateUpdate: 73] Retrieving data from Hubspot...
2022-08-12 10:21:55 | DEBUG
    [LinkedInAssignDueDateUpdate.hubapi: 36] "METHOD": "POST", "STATUS_CODE": "200","URL": "https://api.hubapi.com/crm/v3/objects/2-7353817/search"
NoneType: None
2022-08-12 10:21:56 | INFO
    [LinkedInAssignDueDateUpdate: 75] ... Obtained 0 instances to create certifications for.

2022-08-12 10:21:56 | INFO
    [LinkedInAssignDueDateUpdate: 77] Creating Certifications and LinkedIn URL

2022-08-12 10:21:56 | INFO
    [LinkedInAssignDueDateUpdate: 92] 
Urls for 0 instance(s) have been created.

2022-08-12 10:21:56 | INFO
    [LinkedInAssignDueDateUpdate.hubapi:153] 1 batch request to do.
2022-08-12 10:21:56 | INFO
    [LinkedInAssignDueDateUpdate.hubapi:156] Working on batch request 1/1...
2022-08-12 10:21:56 | DEBUG
    [LinkedInAssignDueDateUpdate.hubapi: 36] "METHOD": "POST", "STATUS_CODE": "200","URL": "https://api.hubapi.com/crm/v3/objects/2-7353817/batch/update"
NoneType: None
2022-08-12 10:21:57 | INFO
    [LinkedInAssignDueDateUpdate:100] 
--- END LINKEDIN CERTIFICATIONS CREATION ---

